28.Oct 17:31:35	578709	11498	info	__main__	startup and run under user:pi
28.Oct 17:31:35	654850	11498	info	__main__	EasyHMC Version: 0.1
28.Oct 17:31:35	663097	11498	info	__main__	EasyHMC configuration file: etc/rasp-heizung/config.json
28.Oct 17:31:35	671382	11498	info	hmc.coreBase	try to start core lissener
28.Oct 17:31:35	680891	11498	debug	hmc.socketServer	starting socket Server
28.Oct 17:31:35	690965	11498	info	hmc.coreBase	start core socket server succesfull
28.Oct 17:31:35	693523	11498	debug	hmc.socketServer	starting socket server
28.Oct 17:31:35	700393	11498	info	hmc.coreBase	build core client rasp-server01
28.Oct 17:31:35	709344	11498	debug	hmc.socketServer	try to build socket ip::5090
28.Oct 17:31:35	729977	11498	info	hmc.socketServer	socket ip::5090 is ready
28.Oct 17:31:35	718025	11498	info	hmc.socketClient	build core connection
28.Oct 17:31:35	746080	11498	info	hmc.coreBase	build hmc.coreBase instance version 0.2
28.Oct 17:31:35	754397	11498	info	hmc.coreBase	core onboot_event is calling
28.Oct 17:31:35	762817	11498	info	hmc.coreBase	load core configuration file
28.Oct 17:31:35	771472	11498	info	hmc.coreBase	reading configuration database eventhandler etc/rasp-heizung/database/defaultEvents.json
28.Oct 17:31:35	792303	11498	warning	hmc.coreBase	loadDefaultEventFile not implement
28.Oct 17:31:35	800860	11498	warning	hmc.coreBase	no load device. not implement %
28.Oct 17:31:35	809362	11498	info	hmc.coreBase	reading configuration database gateways etc/rasp-heizung/database/gateways.json
28.Oct 17:31:35	828314	11498	info	hmc.coreBase	add gateway onewire@rasp-heizung
28.Oct 17:31:35	842980	11498	debug	hmc.coreBase	find eventObject pattern: onewire@rasp-heizung
28.Oct 17:31:35	851807	11498	debug	hmc.coreBase	event onewire  is on host: rasp-heizung
28.Oct 17:31:35	860619	11498	info	hmc.coreBase	try to load gateway: onewire@rasp-heizung  with pakage: gateways.raspberry.onewire.ds1820
28.Oct 17:31:36	200459	11498	debug	gateways.raspberry.onewire.ds1820	build  gateways.raspberry.onewire.ds1820 instance
28.Oct 17:31:36	208705	11498	info	hmc.coreBase	start gateway onewire@rasp-heizung
28.Oct 17:31:36	219262	11498	debug	hmc.coreBase	find eventObject pattern: onewire@rasp-heizung
28.Oct 17:31:36	228605	11498	debug	hmc.coreBase	event onewire  is on host: rasp-heizung
28.Oct 17:31:36	221834	11498	info gateways.raspberry.onewire.ds1820 start	gateways.raspberry.onewire.ds1820	no messages
28.Oct 17:31:36	246025	11498	info	gateways.raspberry.onewire.ds1820	check requierments for onewire
28.Oct 17:31:36	237421	11498	info	hmc.socketClient	send data
28.Oct 17:31:36	258754	11498	info	gateways.raspberry.onewire.ds1820	onewire requierments ok
28.Oct 17:31:36	294938	11498	debug	gateways.raspberry.onewire.ds1820	set all sensor conected to false
28.Oct 17:31:36	315293	11498	debug	gateways.raspberry.onewire.ds1820	read connected sensors /sys/bus/w1/devices/
28.Oct 17:31:36	335587	11498	info	gateways.raspberry.onewire.ds1820	add new sensor id 28-0315911b36ff
28.Oct 17:31:36	330829	11498	info	hmc.socketClient	connect to Core 192.168.3.55:5090
28.Oct 17:31:36	352123	11498	debug	hmc.socketClient	send: {"body": "{\"password\": \"server1234\", \"args\": [\"onewire@rasp-heizung\", {\"modul\": \"ds1820\", \"enable\": true, \"config\": {\"typ\": \"ds1820\", \"intervall\": 60, \"devices\": {}, \"host\": \"rasp-heizung\", \"path\": \"/sys/bus/w1/devices/\", \"tempDiv\": 0.5, \"gateway\": \"onewire\"}, \"class\": \"sensor\", \"pakage\": \"raspberry.onewire\"}], \"calling\": \"addGateway\"}", "version": 1, "user": "user-server"}
28.Oct 17:31:36	349541	11498	info	hmc.coreBase	add device with device id 28-0315911b36ff@onewire.rasp-heizung and typ:ds1820
28.Oct 17:31:36	374421	11498	info	hmc.coreBase	add new device ds1820
28.Oct 17:31:36	366052	11498	debug	hmc.socketClient	send message to core
28.Oct 17:31:36	383074	11498	info	hmc.coreBase	try to load hmc.hmcDevices.ds1820
28.Oct 17:31:36	400387	11498	debug	hmc.hmcDevices.hmcDevices	ds1820:load attribute  hmc/hmcDevices/hmcDevices.json
28.Oct 17:31:36	419176	11498	debug	hmc.hmcDevices.hmcDevices	ds1820:load attribute  hmc/hmcDevices/ds1820.json
28.Oct 17:31:36	429779	11498	debug	hmc.socketClient	calling function:result user:user-server
28.Oct 17:31:36	445378	11498	debug	hmc.socketClient	args {u'result': u'success'}
28.Oct 17:31:36	458524	11498	debug	hmc.socketClient	result was success
28.Oct 17:31:36	451872	11498	debug	hmc.hmcDevices.hmcDevices	ds1820:build ds1820 instance
28.Oct 17:31:36	475739	11498	info	hmc.coreBase	Version of hmc.hmcDevices.ds1820 is 2.0
28.Oct 17:31:36	469359	11498	debug	hmc.socketClient	close socket
28.Oct 17:31:36	492935	11498	debug	hmc.socketClient	socket close to core
28.Oct 17:31:36	484455	11498	debug	hmc.coreBase	find device pattern: 28-0315911b36ff@onewire.rasp-heizung
28.Oct 17:31:36	509802	11498	debug	hmc.coreBase	device 28-0315911b36ff is on gateway: onewire host: rasp-heizung
28.Oct 17:31:36	502973	11498	debug	hmc.coreBase	give gateways names back
28.Oct 17:31:36	529461	11498	debug	hmc.coreBase	give 1 gateways names back
28.Oct 17:31:36	518623	11498	info	hmc.socketClient	send data
28.Oct 17:31:36	538022	11498	info	__main__	check gateway onewire@rasp-heizung
28.Oct 17:31:36	558641	11498	info	__main__	gateway onewire@rasp-heizung is alive
28.Oct 17:31:36	552606	11498	info	hmc.socketClient	connect to Core 192.168.3.55:5090
28.Oct 17:31:36	575770	11498	debug	hmc.socketClient	send: {"body": "{\"password\": \"server1234\", \"args\": [{\"host\": {\"value\": \"rasp-heizung\"}, \"sensor_id\": {\"value\": \"28-0315911b36ff\"}, \"connected\": {\"value\": true}, \"deviceID\": {\"value\": \"28-0315911b36ff@onewire.rasp-heizung\"}, \"enable\": {\"value\": true}, \"typ\": {\"value\": \"ds1820\"}, \"gateway\": {\"value\": \"onewire\"}, \"value\": {\"value\": 0}}], \"calling\": \"addDevice\"}", "version": 1, "user": "user-server"}
28.Oct 17:31:36	567129	11498	info	__main__	EasyHMC wait 40 sec for next check
28.Oct 17:31:36	587871	11498	debug	hmc.socketClient	send message to core
28.Oct 17:31:36	704496	11498	debug	hmc.socketClient	calling function:result user:user-server
28.Oct 17:31:36	713237	11498	debug	hmc.socketClient	args {u'result': u'success'}
28.Oct 17:31:36	721820	11498	debug	hmc.socketClient	result was success
28.Oct 17:31:36	730906	11498	debug	hmc.socketClient	close socket
28.Oct 17:31:36	739528	11498	debug	hmc.socketClient	socket close to core
28.Oct 17:31:36	748483	11498	info	gateways.raspberry.onewire.ds1820	add new sensor 28-0315911b36ff@onewire.rasp-heizung
28.Oct 17:31:36	757183	11498	info	gateways.raspberry.onewire.ds1820	add new sensor id 28-0115913432ff
28.Oct 17:31:36	766259	11498	info	hmc.coreBase	add device with device id 28-0115913432ff@onewire.rasp-heizung and typ:ds1820
28.Oct 17:31:36	778865	11498	info	hmc.coreBase	add new device ds1820
28.Oct 17:31:36	788280	11498	info	hmc.coreBase	try to load hmc.hmcDevices.ds1820
28.Oct 17:31:36	797259	11498	debug	hmc.hmcDevices.hmcDevices	ds1820:load attribute  hmc/hmcDevices/hmcDevices.json
28.Oct 17:31:36	816545	11498	debug	hmc.hmcDevices.hmcDevices	ds1820:load attribute  hmc/hmcDevices/ds1820.json
28.Oct 17:31:36	834297	11498	debug	hmc.hmcDevices.hmcDevices	ds1820:build ds1820 instance
28.Oct 17:31:36	842743	11498	info	hmc.coreBase	Version of hmc.hmcDevices.ds1820 is 2.0
28.Oct 17:31:36	851794	11498	debug	hmc.coreBase	find device pattern: 28-0115913432ff@onewire.rasp-heizung
28.Oct 17:31:36	860755	11498	debug	hmc.coreBase	device 28-0115913432ff is on gateway: onewire host: rasp-heizung
28.Oct 17:31:36	869554	11498	info	hmc.socketClient	send data
28.Oct 17:31:36	881685	11498	info	hmc.socketClient	connect to Core 192.168.3.55:5090
28.Oct 17:31:36	890675	11498	debug	hmc.socketClient	send: {"body": "{\"password\": \"server1234\", \"args\": [{\"host\": {\"value\": \"rasp-heizung\"}, \"sensor_id\": {\"value\": \"28-0115913432ff\"}, \"connected\": {\"value\": true}, \"deviceID\": {\"value\": \"28-0115913432ff@onewire.rasp-heizung\"}, \"enable\": {\"value\": true}, \"typ\": {\"value\": \"ds1820\"}, \"gateway\": {\"value\": \"onewire\"}, \"value\": {\"value\": 0}}], \"calling\": \"addDevice\"}", "version": 1, "user": "user-server"}
28.Oct 17:31:36	900109	11498	debug	hmc.socketClient	send message to core
28.Oct 17:31:37	14414	11498	debug	hmc.socketClient	calling function:result user:user-server
28.Oct 17:31:37	22733	11498	debug	hmc.socketClient	args {u'result': u'success'}
28.Oct 17:31:37	31064	11498	debug	hmc.socketClient	result was success
28.Oct 17:31:37	39878	11498	debug	hmc.socketClient	close socket
28.Oct 17:31:37	48246	11498	debug	hmc.socketClient	socket close to core
28.Oct 17:31:37	56568	11498	info	gateways.raspberry.onewire.ds1820	add new sensor 28-0115913432ff@onewire.rasp-heizung
28.Oct 17:31:37	65121	11498	info	gateways.raspberry.onewire.ds1820	add new sensor id 28-011591355eff
28.Oct 17:31:37	73645	11498	info	hmc.coreBase	add device with device id 28-011591355eff@onewire.rasp-heizung and typ:ds1820
28.Oct 17:31:37	84495	11498	info	hmc.coreBase	add new device ds1820
28.Oct 17:31:37	92648	11498	info	hmc.coreBase	try to load hmc.hmcDevices.ds1820
28.Oct 17:31:37	101322	11498	debug	hmc.hmcDevices.hmcDevices	ds1820:load attribute  hmc/hmcDevices/hmcDevices.json
28.Oct 17:31:37	119549	11498	debug	hmc.hmcDevices.hmcDevices	ds1820:load attribute  hmc/hmcDevices/ds1820.json
28.Oct 17:31:37	136540	11498	debug	hmc.hmcDevices.hmcDevices	ds1820:build ds1820 instance
28.Oct 17:31:37	144757	11498	info	hmc.coreBase	Version of hmc.hmcDevices.ds1820 is 2.0
28.Oct 17:31:37	153579	11498	debug	hmc.coreBase	find device pattern: 28-011591355eff@onewire.rasp-heizung
28.Oct 17:31:37	162102	11498	debug	hmc.coreBase	device 28-011591355eff is on gateway: onewire host: rasp-heizung
28.Oct 17:31:37	171886	11498	info	hmc.socketClient	send data
28.Oct 17:31:37	183781	11498	info	hmc.socketClient	connect to Core 192.168.3.55:5090
28.Oct 17:31:37	192457	11498	debug	hmc.socketClient	send: {"body": "{\"password\": \"server1234\", \"args\": [{\"host\": {\"value\": \"rasp-heizung\"}, \"sensor_id\": {\"value\": \"28-011591355eff\"}, \"connected\": {\"value\": true}, \"deviceID\": {\"value\": \"28-011591355eff@onewire.rasp-heizung\"}, \"enable\": {\"value\": true}, \"typ\": {\"value\": \"ds1820\"}, \"gateway\": {\"value\": \"onewire\"}, \"value\": {\"value\": 0}}], \"calling\": \"addDevice\"}", "version": 1, "user": "user-server"}
28.Oct 17:31:37	201459	11498	debug	hmc.socketClient	send message to core
28.Oct 17:31:37	315554	11498	debug	hmc.socketClient	calling function:result user:user-server
28.Oct 17:31:37	324120	11498	debug	hmc.socketClient	args {u'result': u'success'}
28.Oct 17:31:37	332770	11498	debug	hmc.socketClient	result was success
28.Oct 17:31:37	341883	11498	debug	hmc.socketClient	close socket
28.Oct 17:31:37	350525	11498	debug	hmc.socketClient	socket close to core
28.Oct 17:31:37	359345	11498	info	gateways.raspberry.onewire.ds1820	add new sensor 28-011591355eff@onewire.rasp-heizung
28.Oct 17:31:37	367986	11498	info	gateways.raspberry.onewire.ds1820	add new sensor id 28-0115913679ff
28.Oct 17:31:37	376843	11498	info	hmc.coreBase	add device with device id 28-0115913679ff@onewire.rasp-heizung and typ:ds1820
28.Oct 17:31:37	387864	11498	info	hmc.coreBase	add new device ds1820
28.Oct 17:31:37	396323	11498	info	hmc.coreBase	try to load hmc.hmcDevices.ds1820
28.Oct 17:31:37	405450	11498	debug	hmc.hmcDevices.hmcDevices	ds1820:load attribute  hmc/hmcDevices/hmcDevices.json
28.Oct 17:31:37	423879	11498	debug	hmc.hmcDevices.hmcDevices	ds1820:load attribute  hmc/hmcDevices/ds1820.json
28.Oct 17:31:37	441873	11498	debug	hmc.hmcDevices.hmcDevices	ds1820:build ds1820 instance
28.Oct 17:31:37	450441	11498	info	hmc.coreBase	Version of hmc.hmcDevices.ds1820 is 2.0
28.Oct 17:31:37	459450	11498	debug	hmc.coreBase	find device pattern: 28-0115913679ff@onewire.rasp-heizung
28.Oct 17:31:37	468339	11498	debug	hmc.coreBase	device 28-0115913679ff is on gateway: onewire host: rasp-heizung
28.Oct 17:31:37	477315	11498	info	hmc.socketClient	send data
28.Oct 17:31:37	489632	11498	info	hmc.socketClient	connect to Core 192.168.3.55:5090
28.Oct 17:31:37	498709	11498	debug	hmc.socketClient	send: {"body": "{\"password\": \"server1234\", \"args\": [{\"host\": {\"value\": \"rasp-heizung\"}, \"sensor_id\": {\"value\": \"28-0115913679ff\"}, \"connected\": {\"value\": true}, \"deviceID\": {\"value\": \"28-0115913679ff@onewire.rasp-heizung\"}, \"enable\": {\"value\": true}, \"typ\": {\"value\": \"ds1820\"}, \"gateway\": {\"value\": \"onewire\"}, \"value\": {\"value\": 0}}], \"calling\": \"addDevice\"}", "version": 1, "user": "user-server"}
28.Oct 17:31:37	508280	11498	debug	hmc.socketClient	send message to core
28.Oct 17:31:37	625007	11498	debug	hmc.socketClient	calling function:result user:user-server
28.Oct 17:31:37	633398	11498	debug	hmc.socketClient	args {u'result': u'success'}
28.Oct 17:31:37	641743	11498	debug	hmc.socketClient	result was success
28.Oct 17:31:37	650629	11498	debug	hmc.socketClient	close socket
28.Oct 17:31:37	660239	11498	debug	hmc.socketClient	socket close to core
28.Oct 17:31:37	668767	11498	info	gateways.raspberry.onewire.ds1820	add new sensor 28-0115913679ff@onewire.rasp-heizung
28.Oct 17:31:37	677331	11498	info	gateways.raspberry.onewire.ds1820	add new sensor id 28-011591363eff
28.Oct 17:31:37	687399	11498	info	hmc.coreBase	add device with device id 28-011591363eff@onewire.rasp-heizung and typ:ds1820
28.Oct 17:31:37	698270	11498	info	hmc.coreBase	add new device ds1820
28.Oct 17:31:37	706403	11498	info	hmc.coreBase	try to load hmc.hmcDevices.ds1820
28.Oct 17:31:37	715285	11498	debug	hmc.hmcDevices.hmcDevices	ds1820:load attribute  hmc/hmcDevices/hmcDevices.json
28.Oct 17:31:37	733696	11498	debug	hmc.hmcDevices.hmcDevices	ds1820:load attribute  hmc/hmcDevices/ds1820.json
28.Oct 17:31:37	751555	11498	debug	hmc.hmcDevices.hmcDevices	ds1820:build ds1820 instance
28.Oct 17:31:37	759880	11498	info	hmc.coreBase	Version of hmc.hmcDevices.ds1820 is 2.0
28.Oct 17:31:37	770071	11498	debug	hmc.coreBase	find device pattern: 28-011591363eff@onewire.rasp-heizung
28.Oct 17:31:37	778730	11498	debug	hmc.coreBase	device 28-011591363eff is on gateway: onewire host: rasp-heizung
28.Oct 17:31:37	787991	11498	info	hmc.socketClient	send data
28.Oct 17:31:37	800052	11498	info	hmc.socketClient	connect to Core 192.168.3.55:5090
28.Oct 17:31:37	808999	11498	debug	hmc.socketClient	send: {"body": "{\"password\": \"server1234\", \"args\": [{\"host\": {\"value\": \"rasp-heizung\"}, \"sensor_id\": {\"value\": \"28-011591363eff\"}, \"connected\": {\"value\": true}, \"deviceID\": {\"value\": \"28-011591363eff@onewire.rasp-heizung\"}, \"enable\": {\"value\": true}, \"typ\": {\"value\": \"ds1820\"}, \"gateway\": {\"value\": \"onewire\"}, \"value\": {\"value\": 0}}], \"calling\": \"addDevice\"}", "version": 1, "user": "user-server"}
28.Oct 17:31:37	818633	11498	debug	hmc.socketClient	send message to core
28.Oct 17:31:37	949157	11498	debug	hmc.socketClient	calling function:result user:user-server
28.Oct 17:31:37	957693	11498	debug	hmc.socketClient	args {u'result': u'success'}
28.Oct 17:31:37	966401	11498	debug	hmc.socketClient	result was success
28.Oct 17:31:37	975577	11498	debug	hmc.socketClient	close socket
28.Oct 17:31:37	984153	11498	debug	hmc.socketClient	socket close to core
28.Oct 17:31:37	992817	11498	info	gateways.raspberry.onewire.ds1820	add new sensor 28-011591363eff@onewire.rasp-heizung
28.Oct 17:31:38	1661	11498	info	gateways.raspberry.onewire.ds1820	add new sensor id 28-011591382fff
28.Oct 17:31:38	10856	11498	info	hmc.coreBase	add device with device id 28-011591382fff@onewire.rasp-heizung and typ:ds1820
28.Oct 17:31:38	21533	11498	info	hmc.coreBase	add new device ds1820
28.Oct 17:31:38	29875	11498	info	hmc.coreBase	try to load hmc.hmcDevices.ds1820
28.Oct 17:31:38	38883	11498	debug	hmc.hmcDevices.hmcDevices	ds1820:load attribute  hmc/hmcDevices/hmcDevices.json
28.Oct 17:31:38	60787	11498	debug	hmc.hmcDevices.hmcDevices	ds1820:load attribute  hmc/hmcDevices/ds1820.json
28.Oct 17:31:38	78256	11498	debug	hmc.hmcDevices.hmcDevices	ds1820:build ds1820 instance
28.Oct 17:31:38	86760	11498	info	hmc.coreBase	Version of hmc.hmcDevices.ds1820 is 2.0
28.Oct 17:31:38	95670	11498	debug	hmc.coreBase	find device pattern: 28-011591382fff@onewire.rasp-heizung
28.Oct 17:31:38	104620	11498	debug	hmc.coreBase	device 28-011591382fff is on gateway: onewire host: rasp-heizung
28.Oct 17:31:38	113473	11498	info	hmc.socketClient	send data
28.Oct 17:31:38	125101	11498	info	hmc.socketClient	connect to Core 192.168.3.55:5090
28.Oct 17:31:38	133580	11498	debug	hmc.socketClient	send: {"body": "{\"password\": \"server1234\", \"args\": [{\"host\": {\"value\": \"rasp-heizung\"}, \"sensor_id\": {\"value\": \"28-011591382fff\"}, \"connected\": {\"value\": true}, \"deviceID\": {\"value\": \"28-011591382fff@onewire.rasp-heizung\"}, \"enable\": {\"value\": true}, \"typ\": {\"value\": \"ds1820\"}, \"gateway\": {\"value\": \"onewire\"}, \"value\": {\"value\": 0}}], \"calling\": \"addDevice\"}", "version": 1, "user": "user-server"}
28.Oct 17:31:38	142470	11498	debug	hmc.socketClient	send message to core
28.Oct 17:31:38	260180	11498	debug	hmc.socketClient	calling function:result user:user-server
28.Oct 17:31:38	269658	11498	debug	hmc.socketClient	args {u'result': u'success'}
28.Oct 17:31:38	277982	11498	debug	hmc.socketClient	result was success
28.Oct 17:31:38	288730	11498	debug	hmc.socketClient	close socket
28.Oct 17:31:38	297127	11498	debug	hmc.socketClient	socket close to core
28.Oct 17:31:38	305606	11498	info	gateways.raspberry.onewire.ds1820	add new sensor 28-011591382fff@onewire.rasp-heizung
28.Oct 17:31:38	314041	11498	debug	gateways.raspberry.onewire.ds1820	check to delete disable sensor
28.Oct 17:31:38	322632	11498	debug	gateways.raspberry.onewire.ds1820	read sensor id 28-011591382fff
28.Oct 17:31:39	174415	11498	debug	gateways.raspberry.onewire.ds1820	read sensor: 28-011591382fff value:43.75
28.Oct 17:31:39	182955	11498	debug	gateways.raspberry.onewire.ds1820	old value: 0 new value:43.75 temp div:0.5
28.Oct 17:31:39	191613	11498	debug	gateways.raspberry.onewire.ds1820	temperatur is change, update
28.Oct 17:31:39	200269	11498	debug	hmc.coreBase	device 28-011591382fff@onewire.rasp-heizung is exists
28.Oct 17:31:39	208785	11498	info	hmc.coreBase	set attribute value for device id 28-011591382fff@onewire.rasp-heizung value 43.75
28.Oct 17:31:39	217343	11498	debug	hmc.hmcDevices.hmcDevices	ds1820:set attribute value to 43.75
28.Oct 17:31:39	226136	11498	debug	hmc.coreBase	find device pattern: 28-011591382fff@onewire.rasp-heizung
28.Oct 17:31:39	234802	11498	debug	hmc.coreBase	device 28-011591382fff is on gateway: onewire host: rasp-heizung
28.Oct 17:31:39	243403	11498	info	hmc.socketClient	send data
28.Oct 17:31:39	255255	11498	info	hmc.socketClient	connect to Core 192.168.3.55:5090
28.Oct 17:31:39	264005	11498	debug	hmc.socketClient	send: {"body": "{\"password\": \"server1234\", \"args\": [\"28-011591382fff@onewire.rasp-heizung\", \"value\", 43.75], \"calling\": \"setDeviceAttribute\"}", "version": 1, "user": "user-server"}
28.Oct 17:31:39	272597	11498	debug	hmc.socketClient	send message to core
28.Oct 17:31:39	321855	11498	debug	hmc.socketClient	calling function:result user:user-server
28.Oct 17:31:39	330415	11498	debug	hmc.socketClient	args {u'result': u'success'}
28.Oct 17:31:39	338923	11498	debug	hmc.socketClient	result was success
28.Oct 17:31:39	347829	11498	debug	hmc.socketClient	close socket
28.Oct 17:31:39	356625	11498	debug	hmc.socketClient	socket close to core
28.Oct 17:31:39	365364	11498	error	gateways.raspberry.onewire.ds1820	update for object 28-011591382fff@onewire.rasp-heizung success
28.Oct 17:31:39	373567	11498	debug	gateways.raspberry.onewire.ds1820	read sensor id 28-011591355eff
28.Oct 17:31:40	209940	11498	debug	gateways.raspberry.onewire.ds1820	read sensor: 28-011591355eff value:48.75
28.Oct 17:31:40	219432	11498	debug	gateways.raspberry.onewire.ds1820	old value: 0 new value:48.75 temp div:0.5
28.Oct 17:31:40	228238	11498	debug	gateways.raspberry.onewire.ds1820	temperatur is change, update
28.Oct 17:31:40	237000	11498	debug	hmc.coreBase	device 28-011591355eff@onewire.rasp-heizung is exists
28.Oct 17:31:40	245752	11498	info	hmc.coreBase	set attribute value for device id 28-011591355eff@onewire.rasp-heizung value 48.75
28.Oct 17:31:40	254545	11498	debug	hmc.hmcDevices.hmcDevices	ds1820:set attribute value to 48.75
28.Oct 17:31:40	263554	11498	debug	hmc.coreBase	find device pattern: 28-011591355eff@onewire.rasp-heizung
28.Oct 17:31:40	272471	11498	debug	hmc.coreBase	device 28-011591355eff is on gateway: onewire host: rasp-heizung
28.Oct 17:31:40	281459	11498	info	hmc.socketClient	send data
28.Oct 17:31:40	292360	11498	info	hmc.socketClient	connect to Core 192.168.3.55:5090
28.Oct 17:31:40	301036	11498	debug	hmc.socketClient	send: {"body": "{\"password\": \"server1234\", \"args\": [\"28-011591355eff@onewire.rasp-heizung\", \"value\", 48.75], \"calling\": \"setDeviceAttribute\"}", "version": 1, "user": "user-server"}
28.Oct 17:31:40	309862	11498	debug	hmc.socketClient	send message to core
28.Oct 17:31:40	363049	11498	debug	hmc.socketClient	calling function:result user:user-server
28.Oct 17:31:40	371329	11498	debug	hmc.socketClient	args {u'result': u'success'}
28.Oct 17:31:40	379843	11498	debug	hmc.socketClient	result was success
28.Oct 17:31:40	388738	11498	debug	hmc.socketClient	close socket
28.Oct 17:31:40	397007	11498	debug	hmc.socketClient	socket close to core
28.Oct 17:31:40	405580	11498	error	gateways.raspberry.onewire.ds1820	update for object 28-011591355eff@onewire.rasp-heizung success
28.Oct 17:31:40	414028	11498	debug	gateways.raspberry.onewire.ds1820	read sensor id 28-0315911b36ff
28.Oct 17:31:41	249930	11498	debug	gateways.raspberry.onewire.ds1820	read sensor: 28-0315911b36ff value:53.13
28.Oct 17:31:41	258514	11498	debug	gateways.raspberry.onewire.ds1820	old value: 0 new value:53.13 temp div:0.5
28.Oct 17:31:41	266834	11498	debug	gateways.raspberry.onewire.ds1820	temperatur is change, update
28.Oct 17:31:41	275437	11498	debug	hmc.coreBase	device 28-0315911b36ff@onewire.rasp-heizung is exists
28.Oct 17:31:41	284096	11498	info	hmc.coreBase	set attribute value for device id 28-0315911b36ff@onewire.rasp-heizung value 53.13
28.Oct 17:31:41	292744	11498	debug	hmc.hmcDevices.hmcDevices	ds1820:set attribute value to 53.13
28.Oct 17:31:41	301691	11498	debug	hmc.coreBase	find device pattern: 28-0315911b36ff@onewire.rasp-heizung
28.Oct 17:31:41	310479	11498	debug	hmc.coreBase	device 28-0315911b36ff is on gateway: onewire host: rasp-heizung
28.Oct 17:31:41	318953	11498	info	hmc.socketClient	send data
28.Oct 17:31:41	330581	11498	info	hmc.socketClient	connect to Core 192.168.3.55:5090
28.Oct 17:31:41	339297	11498	debug	hmc.socketClient	send: {"body": "{\"password\": \"server1234\", \"args\": [\"28-0315911b36ff@onewire.rasp-heizung\", \"value\", 53.13], \"calling\": \"setDeviceAttribute\"}", "version": 1, "user": "user-server"}
28.Oct 17:31:41	348263	11498	debug	hmc.socketClient	send message to core
28.Oct 17:31:41	400756	11498	debug	hmc.socketClient	calling function:result user:user-server
28.Oct 17:31:41	409124	11498	debug	hmc.socketClient	args {u'result': u'success'}
28.Oct 17:31:41	417461	11498	debug	hmc.socketClient	result was success
28.Oct 17:31:41	426753	11498	debug	hmc.socketClient	close socket
28.Oct 17:31:41	435496	11498	debug	hmc.socketClient	socket close to core
28.Oct 17:31:41	444415	11498	error	gateways.raspberry.onewire.ds1820	update for object 28-0315911b36ff@onewire.rasp-heizung success
28.Oct 17:31:41	453202	11498	debug	gateways.raspberry.onewire.ds1820	read sensor id 28-011591363eff
28.Oct 17:31:42	271964	11498	emergency	__main__	Signal handler called with signal 2
28.Oct 17:31:42	289323	11498	error	__main__	(<type 'exceptions.SystemExit'>, SystemExit(None,), <traceback object at 0xb6797c38>)
28.Oct 17:31:42	298397	11498	error	__main__	Traceback Info:<type 'exceptions.SystemExit'>
28.Oct 17:31:42	309341	11498	error	__main__	Traceback Info:None
28.Oct 17:31:42	317882	11498	error	__main__	Traceback Info:<traceback object at 0xb6797c38>
28.Oct 17:31:42	333647	11498	error	__main__	<type 'exceptions.SystemExit'> hmc.py 178 
28.Oct 17:31:42	349327	11498	emergency	__main__	system goaing down !!
28.Oct 17:31:42	357974	11498	warning	hmc.coreBase	shutdown core
28.Oct 17:31:42	368414	11498	info	hmc.coreBase	core onshutdown_event is calling
28.Oct 17:31:42	376991	11498	emergency	hmc.coreBase	shutdown gateways onewire@rasp-heizung
28.Oct 17:31:42	385954	11498	emergency	gateways.raspberry.onewire.ds1820	stop gateways.raspberry.onewire.ds1820 thread
28.Oct 17:31:42	394783	11498	info	hmc.coreBase	write configuration
28.Oct 17:31:42	403172	11498	info	hmc.coreBase	write event handler configuration to etc/rasp-heizung/database/eventHandler.json
28.Oct 17:31:42	411450	11498	info	hmc.coreBase	write configuration to etc/rasp-heizung/database/eventHandler.json
28.Oct 17:31:42	483920	11498	info	hmc.coreBase	write gateway configuration to etc/rasp-heizung/database/gateways.json
28.Oct 17:31:42	492278	11498	info	hmc.coreBase	write configuration to etc/rasp-heizung/database/gateways.json
28.Oct 17:31:42	514591	11498	info	hmc.coreBase	write device configuration to etc/rasp-heizung/database/devices.json
28.Oct 17:31:42	522887	11498	data	hmc.coreBase	find object in CORE:28-0315911b36ff@onewire.rasp-heizung
28.Oct 17:31:42	529527	11498	data	hmc.coreBase	find object in CORE:28-011591363eff@onewire.rasp-heizung
28.Oct 17:31:42	535951	11498	data	hmc.coreBase	find object in CORE:28-0115913432ff@onewire.rasp-heizung
28.Oct 17:31:42	544599	11498	data	hmc.coreBase	find object in CORE:28-011591382fff@onewire.rasp-heizung
28.Oct 17:31:42	550984	11498	data	hmc.coreBase	find object in CORE:28-0115913679ff@onewire.rasp-heizung
28.Oct 17:31:42	557436	11498	data	hmc.coreBase	find object in CORE:28-011591355eff@onewire.rasp-heizung
28.Oct 17:31:42	564112	11498	info	hmc.coreBase	write configuration to etc/rasp-heizung/database/devices.json
28.Oct 17:31:42	651440	11498	emergency	__main__	system is finally down !!
