29.Oct 21:34:46	112723	1193	info	__main__	startup and run under user:pi
29.Oct 21:34:46	130488	1193	info	__main__	EasyHMC Version: 0.1
29.Oct 21:34:46	138646	1193	info	__main__	EasyHMC configuration file: etc/rasp-server01/config.json
29.Oct 21:34:46	146965	1193	info	hmc.coreBase	try to start core lissener
29.Oct 21:34:46	155219	1193	info	hmc.coreBase	core server connector disable
29.Oct 21:34:46	163412	1193	info	hmc.coreBase	build hmc.coreBase instance version 0.2
29.Oct 21:34:46	171697	1193	info	hmc.coreBase	core onboot_event is calling
29.Oct 21:34:46	181039	1193	info	hmc.coreBase	load core configuration file
29.Oct 21:34:46	189284	1193	info	hmc.coreBase	reading configuration database eventhandler etc/rasp-server01/database/defaultEvents.json
29.Oct 21:34:46	211182	1193	warning	hmc.coreBase	loadDefaultEventFile not implement
29.Oct 21:34:46	219509	1193	info	hmc.coreBase	reading configuration database devices etc/rasp-server01/database/devices.json
29.Oct 21:34:46	245459	1193	info	hmc.coreBase	restore deviceID: ks300_windchill@cul.rasp-server01 with typ ks300_windchill  
29.Oct 21:34:46	254457	1193	info	hmc.coreBase	restore device with device id ks300_windchill@cul.rasp-server01 and typ:ks300_windchill
29.Oct 21:34:46	265281	1193	info	hmc.coreBase	add new device ks300_windchill
29.Oct 21:34:46	274552	1193	info	hmc.coreBase	try to load hmc.hmcDevices.ks300_windchill
29.Oct 21:34:46	362374	1193	debug	hmc.hmcDevices.hmcDevices	ks300_windchill:load attribute  hmc/hmcDevices/hmcDevices.json
29.Oct 21:34:46	383807	1193	debug	hmc.hmcDevices.hmcDevices	ks300_windchill:load attribute  hmc/hmcDevices/ks300_windchill.json
29.Oct 21:34:46	404929	1193	debug	hmc.hmcDevices.hmcDevices	ks300_windchill:build ks300_windchill instance
29.Oct 21:34:46	413512	1193	info	hmc.coreBase	Version of hmc.hmcDevices.ks300_windchill is 2.0
29.Oct 21:34:46	422580	1193	info	hmc.coreBase	restore deviceID: ks300_wind@cul.rasp-server01 with typ ks300_wind  
29.Oct 21:34:46	431086	1193	info	hmc.coreBase	restore device with device id ks300_wind@cul.rasp-server01 and typ:ks300_wind
29.Oct 21:34:46	441786	1193	info	hmc.coreBase	add new device ks300_wind
29.Oct 21:34:46	450177	1193	info	hmc.coreBase	try to load hmc.hmcDevices.ks300_wind
29.Oct 21:34:46	539120	1193	debug	hmc.hmcDevices.hmcDevices	ks300_wind:load attribute  hmc/hmcDevices/hmcDevices.json
29.Oct 21:34:46	558819	1193	debug	hmc.hmcDevices.hmcDevices	ks300_wind:load attribute  hmc/hmcDevices/ks300_wind.json
29.Oct 21:34:46	578301	1193	debug	hmc.hmcDevices.hmcDevices	ks300_wind:build ks300_wind instance
29.Oct 21:34:46	587015	1193	info	hmc.coreBase	Version of hmc.hmcDevices.ks300_wind is 2.0
29.Oct 21:34:46	595319	1193	info	hmc.coreBase	restore deviceID: 1B1B0F@cul.rasp-server01 with typ fs20  
29.Oct 21:34:46	603788	1193	info	hmc.coreBase	restore device with device id 1B1B0F@cul.rasp-server01 and typ:fs20
29.Oct 21:34:46	614668	1193	info	hmc.coreBase	add new device fs20
29.Oct 21:34:46	623301	1193	info	hmc.coreBase	try to load hmc.hmcDevices.fs20
29.Oct 21:34:46	712351	1193	debug	hmc.hmcDevices.hmcDevices	fs20:load attribute  hmc/hmcDevices/hmcDevices.json
29.Oct 21:34:46	733719	1193	debug	hmc.hmcDevices.hmcDevices	fs20:load attribute  hmc/hmcDevices/fs20.json
29.Oct 21:34:46	754077	1193	debug	hmc.hmcDevices.hmcDevices	fs20:build fs20 instance
29.Oct 21:34:46	764235	1193	info	hmc.coreBase	Version of hmc.hmcDevices.fs20 is 2.0
29.Oct 21:34:46	773164	1193	info	hmc.coreBase	restore deviceID: ks300_temperatur@cul.rasp-server01 with typ ks300_temperatur  
29.Oct 21:34:46	781831	1193	info	hmc.coreBase	restore device with device id ks300_temperatur@cul.rasp-server01 and typ:ks300_temperatur
29.Oct 21:34:46	793070	1193	info	hmc.coreBase	add new device ks300_temperatur
29.Oct 21:34:46	801635	1193	info	hmc.coreBase	try to load hmc.hmcDevices.ks300_temperatur
29.Oct 21:34:46	893952	1193	debug	hmc.hmcDevices.hmcDevices	ks300_temperatur:load attribute  hmc/hmcDevices/hmcDevices.json
29.Oct 21:34:46	914844	1193	debug	hmc.hmcDevices.hmcDevices	ks300_temperatur:load attribute  hmc/hmcDevices/ks300_temperatur.json
29.Oct 21:34:46	935073	1193	debug	hmc.hmcDevices.hmcDevices	ks300_temperatur:build ks300_temperatur instance
29.Oct 21:34:46	943477	1193	info	hmc.coreBase	Version of hmc.hmcDevices.ks300_temperatur is 2.0
29.Oct 21:34:46	951674	1193	info	hmc.coreBase	restore deviceID: ks300_rain@cul.rasp-server01 with typ ks300_rain  
29.Oct 21:34:46	959990	1193	info	hmc.coreBase	restore device with device id ks300_rain@cul.rasp-server01 and typ:ks300_rain
29.Oct 21:34:46	971462	1193	info	hmc.coreBase	add new device ks300_rain
29.Oct 21:34:46	979954	1193	info	hmc.coreBase	try to load hmc.hmcDevices.ks300_rain
29.Oct 21:34:47	68958	1193	debug	hmc.hmcDevices.hmcDevices	ks300_rain:load attribute  hmc/hmcDevices/hmcDevices.json
29.Oct 21:34:47	88865	1193	debug	hmc.hmcDevices.hmcDevices	ks300_rain:load attribute  hmc/hmcDevices/ks300_rain.json
29.Oct 21:34:47	108568	1193	debug	hmc.hmcDevices.hmcDevices	ks300_rain:build ks300_rain instance
29.Oct 21:34:47	117264	1193	info	hmc.coreBase	Version of hmc.hmcDevices.ks300_rain is 2.0
29.Oct 21:34:47	125762	1193	info	hmc.coreBase	restore deviceID: ks300_humidity@cul.rasp-server01 with typ ks300_humidity  
29.Oct 21:34:47	134189	1193	info	hmc.coreBase	restore device with device id ks300_humidity@cul.rasp-server01 and typ:ks300_humidity
29.Oct 21:34:47	145001	1193	info	hmc.coreBase	add new device ks300_humidity
29.Oct 21:34:47	153390	1193	info	hmc.coreBase	try to load hmc.hmcDevices.ks300_humidity
29.Oct 21:34:47	241724	1193	debug	hmc.hmcDevices.hmcDevices	ks300_humidity:load attribute  hmc/hmcDevices/hmcDevices.json
29.Oct 21:34:47	261759	1193	debug	hmc.hmcDevices.hmcDevices	ks300_humidity:load attribute  hmc/hmcDevices/ks300_humidity.json
29.Oct 21:34:47	282274	1193	debug	hmc.hmcDevices.hmcDevices	ks300_humidity:build ks300_humidity instance
29.Oct 21:34:47	290817	1193	info	hmc.coreBase	Version of hmc.hmcDevices.ks300_humidity is 2.0
29.Oct 21:34:47	299082	1193	info	hmc.coreBase	restore devices success
29.Oct 21:34:47	307347	1193	info	hmc.coreBase	reading configuration database gateways etc/rasp-server01/database/gateways.json
29.Oct 21:34:47	329329	1193	info	hmc.coreBase	add gateway cul@rasp-server01
29.Oct 21:34:47	339927	1193	debug	hmc.coreBase	find eventObject pattern: cul@rasp-server01
29.Oct 21:34:47	348434	1193	debug	hmc.coreBase	event cul  is on host: rasp-server01
29.Oct 21:34:47	356665	1193	info	hmc.coreBase	try to load gateway: cul@rasp-server01  with pakage: gateways.cul.cul
29.Oct 21:34:48	184472	1193	info	gateways.cul.cul	build  gateways.cul.cul instance
29.Oct 21:34:48	193168	1193	info	hmc.coreBase	start gateway cul@rasp-server01
29.Oct 21:34:48	202171	1193	info	gateways.cul.cul	gateways.cul.cul  start
29.Oct 21:34:48	210392	1193	info	gateways.cul.cul	open serial, port:/dev/ttyUSB0 baud:9600 timeout:1
29.Oct 21:34:48	203121	1193	debug	hmc.coreBase	find eventObject pattern: cul@rasp-server01
29.Oct 21:34:48	221046	1193	info	gateways.cul.cul	initCUL
29.Oct 21:34:48	235298	1193	info	gateways.cul.cul	send command:X21
29.Oct 21:34:48	227295	1193	debug	hmc.coreBase	event cul  is on host: rasp-server01
29.Oct 21:34:48	252223	1193	debug	hmc.coreBase	give gateways names back
29.Oct 21:34:48	260906	1193	debug	hmc.coreBase	give 1 gateways names back
29.Oct 21:34:48	269378	1193	info	__main__	check gateway cul@rasp-server01
29.Oct 21:34:48	278555	1193	info	__main__	gateway cul@rasp-server01 is alive
29.Oct 21:34:48	287071	1193	info	__main__	EasyHMC wait 40 sec for next check
29.Oct 21:34:48	544250	1193	info	gateways.cul.cul	send command:X
29.Oct 21:34:49	55042	1193	debug	gateways.cul.cul	received: 21  900
29.Oct 21:34:49	63349	1193	info	gateways.cul.cul	get pending budget: 9000ms
29.Oct 21:34:55	944036	1193	emergency	__main__	Signal handler called with signal 2
29.Oct 21:34:55	953422	1193	error	__main__	(<type 'exceptions.SystemExit'>, SystemExit(None,), <traceback object at 0x76688918>)
29.Oct 21:34:55	962455	1193	error	__main__	Traceback Info:<type 'exceptions.SystemExit'>
29.Oct 21:34:55	971135	1193	error	__main__	Traceback Info:None
29.Oct 21:34:55	979810	1193	error	__main__	Traceback Info:<traceback object at 0x76688918>
29.Oct 21:34:55	988706	1193	error	__main__	<type 'exceptions.SystemExit'> hmc.py 178 
29.Oct 21:34:55	997170	1193	emergency	__main__	system goaing down !!
29.Oct 21:34:56	5713	1193	warning	hmc.coreBase	shutdown core
29.Oct 21:34:56	17892	1193	info	hmc.coreBase	core onshutdown_event is calling
29.Oct 21:34:56	26971	1193	emergency	hmc.coreBase	shutdown gateways cul@rasp-server01
29.Oct 21:34:56	35807	1193	emergency	gateways.cul.cul	shutdown cul
29.Oct 21:34:56	44443	1193	info	gateways.cul.cul	close serial, port:/dev/ttyUSB0 baud:9600 timeout:1
29.Oct 21:34:56	51912	1193	emergency	gateways.cul.cul	shutdown cul finsh
29.Oct 21:34:56	58719	1193	info	hmc.coreBase	write configuration
29.Oct 21:34:56	65519	1193	info	hmc.coreBase	write event handler configuration to etc/rasp-server01/database/eventHandler.json
29.Oct 21:34:56	72509	1193	info	hmc.coreBase	write configuration to etc/rasp-server01/database/eventHandler.json
29.Oct 21:34:56	79539	1193	warning	gateways.cul.cul	gateways.cul.cul  pause
29.Oct 21:34:56	169212	1193	info	hmc.coreBase	write gateway configuration to etc/rasp-server01/database/gateways.json
29.Oct 21:34:56	177629	1193	info	hmc.coreBase	write configuration to etc/rasp-server01/database/gateways.json
29.Oct 21:34:56	202436	1193	info	hmc.coreBase	write device configuration to etc/rasp-server01/database/devices.json
29.Oct 21:34:56	210761	1193	data	hmc.coreBase	find object in CORE:ks300_windchill@cul.rasp-server01
29.Oct 21:34:56	218542	1193	data	hmc.coreBase	find object in CORE:ks300_wind@cul.rasp-server01
29.Oct 21:34:56	225953	1193	data	hmc.coreBase	find object in CORE:1B1B0F@cul.rasp-server01
29.Oct 21:34:56	234410	1193	data	hmc.coreBase	find object in CORE:ks300_temperatur@cul.rasp-server01
29.Oct 21:34:56	242072	1193	data	hmc.coreBase	find object in CORE:ks300_rain@cul.rasp-server01
29.Oct 21:34:56	249472	1193	data	hmc.coreBase	find object in CORE:ks300_humidity@cul.rasp-server01
29.Oct 21:34:56	257135	1193	info	hmc.coreBase	write configuration to etc/rasp-server01/database/devices.json
29.Oct 21:34:56	310696	1193	emergency	__main__	system is finally down !!
